<?xml version="1.0" encoding="UTF-8"?>
<!-- Generated by org.testng.reporters.JUnitXMLReporter -->
<testsuite ignored="0" hostname="DESKTOP-54PS5CM" failures="0" tests="5" name="Default test" time="5.438" errors="0" timestamp="2023-02-03T07:37:21 MST">
  <testcase classname="tests.ToDosTest" name="GetAllMethod" time="2.867"/>
  <testcase classname="tests.ToDosTest" name="GetById" time="0.137"/>
  <testcase classname="tests.ToDosTest" name="deleteMethod" time="0.783"/>
  <testcase classname="tests.ToDosTest" name="postMethod" time="0.934"/>
  <testcase classname="tests.ToDosTest" name="putMethod" time="0.647"/>
</testsuite> <!-- Default test -->
